[0m[ INFO] [1742947198.870835912]: namespace of task_planning nh = /yk_destroyer[0m
[0m[ INFO] [1742947198.872172872]: Load Robot Base from: /home/mfi/repos/ros1_ws/src/ruixuan/gp4-lego-assembly/config/robot_properties/gp4_base.txt[0m
Loaded mat of shape [3, 1] from [/home/mfi/repos/ros1_ws/src/ruixuan/gp4-lego-assembly/config/robot_properties/gp4_base.txt]
[0m[ INFO] [1742947198.872758180]: Load Robot DH from: /home/mfi/repos/ros1_ws/src/ruixuan/gp4-lego-assembly/config/robot_properties/gp4_DH.txt[0m
Loaded mat of shape [6, 4] from [/home/mfi/repos/ros1_ws/src/ruixuan/gp4-lego-assembly/config/robot_properties/gp4_DH.txt]
[0m[ INFO] [1742947198.872823411]: Load DH tool from: /home/mfi/repos/ros1_ws/src/ruixuan/gp4-lego-assembly/config/robot_properties/gp4_new_tool_DH.txt[0m
Loaded mat of shape [6, 4] from [/home/mfi/repos/ros1_ws/src/ruixuan/gp4-lego-assembly/config/robot_properties/gp4_new_tool_DH.txt]
[0m[ INFO] [1742947198.872864800]: Load DH tool for assemble from: /home/mfi/repos/ros1_ws/src/ruixuan/gp4-lego-assembly/config/robot_properties/gp4_new_tool_assemble_DH.txt[0m
Loaded mat of shape [6, 4] from [/home/mfi/repos/ros1_ws/src/ruixuan/gp4-lego-assembly/config/robot_properties/gp4_new_tool_assemble_DH.txt]
[0m[ INFO] [1742947198.872902921]: Load DH tool for disassemble from: /home/mfi/repos/ros1_ws/src/ruixuan/gp4-lego-assembly/config/robot_properties/gp4_new_tool_disassemble_DH.txt[0m
Loaded mat of shape [6, 4] from [/home/mfi/repos/ros1_ws/src/ruixuan/gp4-lego-assembly/config/robot_properties/gp4_new_tool_disassemble_DH.txt]
[0m[ INFO] [1742947198.872954380]: 
Robot Base: 
   0
   0
0.33[0m
[0m[ INFO] [1742947198.872974104]: 
Robot DH: 
      0       0       0 -1.5708
-1.5708       0    0.26 3.14159
      0       0   0.015 -1.5708
      0   -0.29       0  1.5708
      0       0       0 -1.5708
      0  -0.072       0 3.14159[0m
[0m[ INFO] [1742947198.872992336]: 
Robot Tool DH: 
      0       0       0 -1.5708
-1.5708       0    0.26 3.14159
      0       0   0.015 -1.5708
      0   -0.29       0  1.5708
      0       0       0 -1.5708
      0 -0.2124   0.005 3.14159[0m
[0m[ INFO] [1742947198.873010616]: 
Robot Tool Disassemble DH: 
      0       0       0 -1.5708
-1.5708       0    0.26 3.14159
      0       0   0.015 -1.5708
      0   -0.29       0  1.5708
      0       0       0 -1.5708
      0 -0.2205   0.005 3.14159[0m
[0m[ INFO] [1742947198.873028743]: 
Robot Tool Assemble DH: 
      0       0       0 -1.5708
-1.5708       0    0.26 3.14159
      0       0   0.015 -1.5708
      0   -0.29       0  1.5708
      0       0       0 -1.5708
      0 -0.2124  0.0128 3.14159[0m


[0m[ INFO] [1742947198.873531376]: Unknown brick type![0m
[0m[ INFO] [1742947198.874958671]: Unknown brick type![0m
[0m[ INFO] [1742947198.875032589]: 
Update brick connection time: 5.8e-05 s[0m
Load DH from: /home/mfi/repos/ros1_ws/src/ruixuan/gp4-lego-assembly/config/robot_properties/gp4_DH.txt
Loaded mat of shape [6, 4] from [/home/mfi/repos/ros1_ws/src/ruixuan/gp4-lego-assembly/config/robot_properties/gp4_DH.txt]
Load Robot Base from: /home/mfi/repos/ros1_ws/src/ruixuan/gp4-lego-assembly/config/robot_properties/gp4_base.txt
Loaded mat of shape [3, 1] from [/home/mfi/repos/ros1_ws/src/ruixuan/gp4-lego-assembly/config/robot_properties/gp4_base.txt]
Robot Setup Done!
Load DH tool from: /home/mfi/repos/ros1_ws/src/ruixuan/gp4-lego-assembly/config/robot_properties/gp4_new_tool_DH.txt
Loaded mat of shape [6, 4] from [/home/mfi/repos/ros1_ws/src/ruixuan/gp4-lego-assembly/config/robot_properties/gp4_new_tool_DH.txt]
Load DH tool for assemble from: /home/mfi/repos/ros1_ws/src/ruixuan/gp4-lego-assembly/config/robot_properties/gp4_new_tool_assemble_DH.txt
Loaded mat of shape [6, 4] from [/home/mfi/repos/ros1_ws/src/ruixuan/gp4-lego-assembly/config/robot_properties/gp4_new_tool_assemble_DH.txt]
Load DH tool for disassemble from: /home/mfi/repos/ros1_ws/src/ruixuan/gp4-lego-assembly/config/robot_properties/gp4_new_tool_disassemble_DH.txt
Loaded mat of shape [6, 4] from [/home/mfi/repos/ros1_ws/src/ruixuan/gp4-lego-assembly/config/robot_properties/gp4_new_tool_disassemble_DH.txt]
gp4
Robot Pos: 
0
0
0
0
0
0
DH: 
      0       0       0 -1.5708
-1.5708       0    0.26  3.1416
      0       0   0.015 -1.5708
      0   -0.29       0  1.5708
      0       0       0 -1.5708
      0  -0.072       0  3.1416
Robot Base: 
   0
   0
0.33
Capsules:
cap: 0
0 0
0 0
0 0
0.01

cap: 1
-0.4    0
   0    0
   0    0
0.13

cap: 2
-0.03 -0.03
    0     0
 0.05  0.05
0.01

cap: 3
  0   0
  0 0.4
  0   0
0.068

cap: 4
   0    0
   0    0
0.01 -0.2
0.1

cap: 5
  0.05   0.18
     0      0
0.1107 0.1107
0.01

Init robot q:   0
  0
  0
  0
-90
  0
  0
0.3
0.5
IK iter num: 798
IK calc time: 0.058758 s
[0m[ INFO] [1742947199.937639685]: 

Reset environment![0m
[0m[ INFO] [1742947199.937700513]: Load Robot Base from: /home/mfi/repos/ros1_ws/src/ruixuan/gp4-lego-assembly/config/robot_properties/gp4_base.txt[0m
Loaded mat of shape [3, 1] from [/home/mfi/repos/ros1_ws/src/ruixuan/gp4-lego-assembly/config/robot_properties/gp4_base.txt]
[0m[ INFO] [1742947199.937774446]: Load Robot DH from: /home/mfi/repos/ros1_ws/src/ruixuan/gp4-lego-assembly/config/robot_properties/gp4_DH.txt[0m
Loaded mat of shape [6, 4] from [/home/mfi/repos/ros1_ws/src/ruixuan/gp4-lego-assembly/config/robot_properties/gp4_DH.txt]
[0m[ INFO] [1742947199.937817367]: Load DH tool from: /home/mfi/repos/ros1_ws/src/ruixuan/gp4-lego-assembly/config/robot_properties/gp4_new_tool_DH.txt[0m
Loaded mat of shape [6, 4] from [/home/mfi/repos/ros1_ws/src/ruixuan/gp4-lego-assembly/config/robot_properties/gp4_new_tool_DH.txt]
[0m[ INFO] [1742947199.937854022]: Load DH tool for assemble from: /home/mfi/repos/ros1_ws/src/ruixuan/gp4-lego-assembly/config/robot_properties/gp4_new_tool_assemble_DH.txt[0m
Loaded mat of shape [6, 4] from [/home/mfi/repos/ros1_ws/src/ruixuan/gp4-lego-assembly/config/robot_properties/gp4_new_tool_assemble_DH.txt]
[0m[ INFO] [1742947199.937888571]: Load DH tool for disassemble from: /home/mfi/repos/ros1_ws/src/ruixuan/gp4-lego-assembly/config/robot_properties/gp4_new_tool_disassemble_DH.txt[0m
Loaded mat of shape [6, 4] from [/home/mfi/repos/ros1_ws/src/ruixuan/gp4-lego-assembly/config/robot_properties/gp4_new_tool_disassemble_DH.txt]
[0m[ INFO] [1742947199.937927870]: 
Robot Base: 
   0
   0
0.33[0m
[0m[ INFO] [1742947199.937946171]: 
Robot DH: 
      0       0       0 -1.5708
-1.5708       0    0.26 3.14159
      0       0   0.015 -1.5708
      0   -0.29       0  1.5708
      0       0       0 -1.5708
      0  -0.072       0 3.14159[0m
[0m[ INFO] [1742947199.937963982]: 
Robot Tool DH: 
      0       0       0 -1.5708
-1.5708       0    0.26 3.14159
      0       0   0.015 -1.5708
      0   -0.29       0  1.5708
      0       0       0 -1.5708
      0 -0.2124   0.005 3.14159[0m
[0m[ INFO] [1742947199.937980591]: 
Robot Tool Disassemble DH: 
      0       0       0 -1.5708
-1.5708       0    0.26 3.14159
      0       0   0.015 -1.5708
      0   -0.29       0  1.5708
      0       0       0 -1.5708
      0 -0.2205   0.005 3.14159[0m
[0m[ INFO] [1742947199.937997174]: 
Robot Tool Assemble DH: 
      0       0       0 -1.5708
-1.5708       0    0.26 3.14159
      0       0   0.015 -1.5708
      0   -0.29       0  1.5708
      0       0       0 -1.5708
      0 -0.2124  0.0128 3.14159[0m


[0m[ INFO] [1742947199.938226552]: Unknown brick type![0m
[0m[ INFO] [1742947199.939339589]: Unknown brick type![0m
[0m[ INFO] [1742947199.939384665]: 
Update brick connection time: 3.3e-05 s[0m
[0m[ INFO] [1742947200.939465539]: Assembling![0m
[0m[ INFO] [1742947200.939475078]: Num steps: 1[0m
going to 14[0m[ INFO] [1742947200.939482983]: Mode: 14 Task: 1[0m



 up_t before  0.99998  0.00625        0  -0.1068
 0.00625 -0.99998        0  0.29465
       0        0       -1   0.2115
       0        0        0        1



 after   0.99998   0.00625         0 -0.099924
  0.00625  -0.99998         0   0.31819
        0         0        -1    0.2215
        0         0         0         1
Init robot q:      89.982
     2.2171
     -4.257
-1.1926e-07
    -83.526
    -89.982
-0.099924
  0.31819
   0.2215
IK iter num: 1147
IK calc time: 0.084709 s
[0m[ INFO] [1742947201.024347277]: Sending pose: position: 
  x: -0.104923
  y: 0.318163
  z: 0.361901
orientation: 
  x: 0.999995
  y: 0.00311504
  z: -1.39224e-13
  w: 8.53136e-11
[0m
[0m[ INFO] [1742947202.364462851]: Pose Set to: position: 
  x: -0.104946
  y: 0.318182
  z: 0.361898
orientation: 
  x: -0.999995
  y: -0.00307971
  z: 3.22333e-05
  w: 9.87489e-05
[0m
[0m[ INFO] [1742947202.364474056]: Motion Execution time: 1.34011 s[0m
[0m[ INFO] [1742947202.364482477]: Mode: 15 Task: 1[0m
waiting for tool camera read



 stored placing off set x: -0.00063409y: 0.00028636theta: 0.14134


[0m[ INFO] [1742947204.364639988]: Sending pose: position: 
  x: -0.104923
  y: 0.318163
  z: 0.361901
orientation: 
  x: 0.999995
  y: 0.00311504
  z: -1.39224e-13
  w: 8.53136e-11
[0m
[0m[ INFO] [1742947204.564338868]: Pose Set to: position: 
  x: -0.104923
  y: 0.318167
  z: 0.361912
orientation: 
  x: -0.999995
  y: -0.00311177
  z: 6.14837e-06
  w: 1.88412e-05
[0m
[0m[ INFO] [1742947204.564349515]: Motion Execution time: 0.199699 s[0m
[0m[ INFO] [1742947204.564360752]: Mode: 16 Task: 1[0m
Init robot q:      108.25
      18.42
    -13.992
-3.4644e-08
    -57.588
    -107.89
-0.1068
0.29465
 0.2211
IK iter num: 544
IK calc time: 0.040245 s
[0m[ INFO] [1742947204.604651846]: Sending pose: position: 
  x: -0.111768
  y: 0.294719
  z: 0.361502
orientation: 
  x: 0.999995
  y: 0.00312434
  z: -3.46255e-14
  w: 5.57897e-12
[0m
[0m[ INFO] [1742947206.364364824]: Pose Set to: position: 
  x: -0.111788
  y: 0.294719
  z: 0.36151
orientation: 
  x: -0.999995
  y: -0.00305867
  z: 2.929e-05
  w: 7.79387e-05
[0m
[0m[ INFO] [1742947206.364375075]: Motion Execution time: 1.75971 s[0m
going to 1[0m[ INFO] [1742947206.364387309]: Mode: 1 Task: 1[0m
Init robot q:     110.77
    14.577
   -19.055
3.5837e-07
   -56.368
   -110.41
0.007732
 0.37037
  0.2368
IK iter num: 701
IK calc time: 0.051878 s
[0m[ INFO] [1742947206.416451984]: Sending pose: position: 
  x: 0.0026325
  y: 0.370271
  z: 0.377186
orientation: 
  x: 0.999995
  y: 0.00312498
  z: -1.87277e-13
  w: -1.92394e-13
[0m
[0m[ INFO] [1742947207.573151485]: Pose Set to: position: 
  x: 0.00265689
  y: 0.370265
  z: 0.377182
orientation: 
  x: 0.999995
  y: 0.00316172
  z: -5.59351e-07
  w: 5.41083e-05
[0m
[0m[ INFO] [1742947207.573166600]: Motion Execution time: 1.1567 s[0m
[0m[ INFO] [1742947207.573185804]: Mode: 2 Task: 1[0m
Init robot q:      89.593
     23.868
    -3.1932
-1.4406e-06
    -62.938
    -89.235
0.019574
 0.39894
  0.2305
IK iter num: 563
IK calc time: 0.052402 s
[0m[ INFO] [1742947207.625642569]: Sending pose: position: 
  x: 0.0145321
  y: 0.398812
  z: 0.370922
orientation: 
  x: 0.999995
  y: 0.00312499
  z: -5.55718e-14
  w: -1.6978e-14
[0m
[0m[ INFO] [1742947208.616888433]: Pose Set to: position: 
  x: 0.0145539
  y: 0.398806
  z: 0.370924
orientation: 
  x: 0.999995
  y: 0.00317937
  z: -1.81826e-06
  w: 4.58255e-05
[0m
[0m[ INFO] [1742947208.616898902]: Motion Execution time: 0.991247 s[0m
[0m[ INFO] [1742947208.616911309]: Mode: 3 Task: 1[0m
waiting for tool camera read
adjusting with offset x: -0.00075y: 0.00055909
Init robot q:      87.913
     30.258
      4.684
-1.8598e-06
    -64.426
    -87.555
0.011954
 0.37484
  0.2205
IK iter num: 546
IK calc time: 0.041861 s
[0m[ INFO] [1742947215.658921868]: Sending pose: position: 
  x: 0.00698561
  y: 0.374904
  z: 0.360941
orientation: 
  x: 0.999995
  y: 0.00312499
  z: -2.73566e-14
  w: -3.5859e-15
[0m
[0m[ INFO] [1742947216.556435757]: Pose Set to: position: 
  x: 0.00697217
  y: 0.374918
  z: 0.360958
orientation: 
  x: -0.999995
  y: -0.00307053
  z: -2.35973e-06
  w: 0.000108902
[0m
[0m[ INFO] [1742947216.556446021]: Motion Execution time: 0.897513 s[0m
going to 13[0m[ INFO] [1742947216.556461938]: Mode: 13 Task: 1[0m
picking with offset x: -0.00075y: 0.00055909
Init robot q:      88.933
     26.335
    -3.2366
-1.6533e-06
    -60.428
    -88.574
0.011954
 0.37484
  0.2042
IK iter num: 508
IK calc time: 0.037696 s
[0m[ INFO] [1742947216.594224991]: Sending pose: position: 
  x: 0.00695442
  y: 0.374805
  z: 0.344699
orientation: 
  x: 0.999995
  y: 0.00312499
  z: 2.05646e-14
  w: 1.15061e-16
[0m
[0m[ INFO] [1742947217.557948061]: Pose Set to: position: 
  x: 0.00697028
  y: 0.374817
  z: 0.344714
orientation: 
  x: -0.999995
  y: -0.00307053
  z: -2.18646e-06
  w: 0.000100906
[0m
[0m[ INFO] [1742947217.557959192]: Motion Execution time: 0.963724 s[0m
[0m[ INFO] [1742947217.557966316]: Mode: 4 Task: 1[0m
Init robot q:      88.937
     27.999
    -4.4338
-1.7974e-06
    -57.567
    -88.579
0.011954
 0.37484
  0.1962
IK iter num: 1905
IK calc time: 0.14269 s
[0m[ INFO] [1742947217.700747331]: Sending pose: position: 
  x: -0.0337804
  y: 0.37455
  z: 0.337569
orientation: 
  x: 0.990265
  y: 0.00309459
  z: 0.139163
  w: -0.000434897
[0m
[0m[ INFO] [1742947219.164571948]: Pose Set to: position: 
  x: -0.0337918
  y: 0.374553
  z: 0.337562
orientation: 
  x: -0.990261
  y: -0.0030703
  z: -0.139189
  w: 0.000415992
[0m
[0m[ INFO] [1742947219.164588066]: Motion Execution time: 1.46383 s[0m
[0m[ INFO] [1742947219.165066622]: Mode: 5 Task: 1[0m
Init robot q:   98.15
 29.741
-4.0838
 18.432
-59.731
-107.64
0.01722
0.37487
0.22114
IK iter num: 499
IK calc time: 0.039112 s
[0m[ INFO] [1742947219.204265749]: Sending pose: position: 
  x: -0.0337804
  y: 0.37455
  z: 0.35247
orientation: 
  x: 0.990265
  y: 0.00309462
  z: 0.139162
  w: -0.000434871
[0m
[0m[ INFO] [1742947219.975784430]: Pose Set to: position: 
  x: -0.0337771
  y: 0.374547
  z: 0.3525
orientation: 
  x: -0.990266
  y: -0.00312747
  z: -0.13915
  w: 0.000398641
[0m
[0m[ INFO] [1742947219.975796909]: Motion Execution time: 0.771521 s[0m
[0m[ INFO] [1742947219.976104526]: Mode: 6 Task: 1[0m
[0m[ INFO] [1742947219.976133022]: Sending pose: position: 
  x: 9.44211e-05
  y: 0.299901
  z: 0.500011
orientation: 
  x: 1
  y: -2.67941e-08
  z: -2.38597e-12
  w: 2.67901e-08
[0m
[0m[ INFO] [1742947221.356629291]: Pose Set to: position: 
  x: 0.000108494
  y: 0.299886
  z: 0.500033
orientation: 
  x: 1
  y: 6.10899e-05
  z: -2.05598e-05
  w: 2.93477e-05
[0m
[0m[ INFO] [1742947221.356644868]: Motion Execution time: 1.3805 s[0m
[0m[ INFO] [1742947221.357082264]: Mode: 7 Task: 1[0m
Init robot q:      89.982
     2.2171
     -4.257
-1.1926e-07
    -83.526
    -89.982
-0.11177
 0.28962
  0.2148
IK iter num: 1147
IK calc time: 0.090819 s
[0m[ INFO] [1742947221.447989657]: Sending pose: position: 
  x: -0.116764
  y: 0.289589
  z: 0.355201
orientation: 
  x: 0.999995
  y: 0.00311504
  z: -1.78889e-13
  w: 8.53132e-11
[0m
[0m[ INFO] [1742947222.761474093]: Pose Set to: position: 
  x: -0.116781
  y: 0.2896
  z: 0.355196
orientation: 
  x: -0.999995
  y: -0.00306892
  z: 3.62438e-05
  w: 9.06804e-05
[0m
[0m[ INFO] [1742947222.761491362]: Motion Execution time: 1.31349 s[0m
[0m[ INFO] [1742947222.761868675]: Mode: 8 Task: 1[0m
Init robot q:     111.96
     14.75
   -20.292
4.2212e-07
   -54.958
    -111.6
-0.10743
 0.29436
  0.2098
IK iter num: 390
IK calc time: 0.028506 s
[0m[ INFO] [1742947222.790427989]: Sending pose: position: 
  x: -0.112515
  y: 0.294235
  z: 0.350299
orientation: 
  x: 0.999995
  y: 0.00312359
  z: -1.71863e-14
  w: 1.20714e-11
[0m
[0m[ INFO] [1742947223.528903048]: Pose Set to: position: 
  x: -0.112502
  y: 0.294254
  z: 0.350297
orientation: 
  x: -0.999995
  y: -0.00314179
  z: 7.96939e-06
  w: 4.46969e-05
[0m
[0m[ INFO] [1742947223.528913318]: Motion Execution time: 0.738475 s[0m
[0m[ INFO] [1742947223.529281994]: Mode: 9 Task: 1[0m
Init robot q:     110.93
    15.897
    -19.97
2.9344e-07
   -54.133
   -110.57
-0.10718
 0.29448
  0.2048
IK iter num: 392
IK calc time: 0.02811 s
[0m[ INFO] [1742947223.557433057]: Sending pose: position: 
  x: -0.112183
  y: 0.294441
  z: 0.345299
orientation: 
  x: 0.999995
  y: 0.0031248
  z: 2.35651e-16
  w: 1.69086e-12
[0m
[0m[ INFO] [1742947224.306310355]: Pose Set to: position: 
  x: -0.112171
  y: 0.294453
  z: 0.345318
orientation: 
  x: -0.999995
  y: -0.0031532
  z: 1.6168e-05
  w: 6.62788e-05
[0m
[0m[ INFO] [1742947224.306327290]: Motion Execution time: 0.748883 s[0m
[0m[ INFO] [1742947224.306774263]: 
Update brick connection time: 7.8e-05 s[0m
[0m[ INFO] [1742947224.306784914]: Mode: 10 Task: 1[0m
Init robot q:     110.86
    16.546
   -20.308
2.5159e-07
   -53.146
    -110.5
-0.099383
  0.29452
   0.2049
IK iter num: 1878
IK calc time: 0.14575 s
[0m[ INFO] [1742947224.452625585]: Sending pose: position: 
  x: -0.0778403
  y: 0.294656
  z: 0.344226
orientation: 
  x: 0.992543
  y: 0.00310151
  z: -0.121859
  w: 0.000380773
[0m
[0m[ INFO] [1742947225.708228146]: Pose Set to: position: 
  x: -0.077825
  y: 0.294664
  z: 0.344236
orientation: 
  x: 0.992541
  y: 0.00312471
  z: -0.121873
  w: 0.000332256
[0m
[0m[ INFO] [1742947225.708239727]: Motion Execution time: 1.2556 s[0m
[0m[ INFO] [1742947225.708252373]: Mode: 11 Task: 1[0m
Init robot q:  101.58
 14.245
-24.043
-17.951
-50.343
 -89.88
-0.099383
  0.29452
   0.2199
IK iter num: 499
IK calc time: 0.037401 s
[0m[ INFO] [1742947225.745739590]: Sending pose: position: 
  x: -0.0778403
  y: 0.294656
  z: 0.359126
orientation: 
  x: 0.992543
  y: 0.00310143
  z: -0.121859
  w: 0.000380751
[0m
[0m[ INFO] [1742947226.626398553]: Pose Set to: position: 
  x: -0.07783
  y: 0.294653
  z: 0.359147
orientation: 
  x: 0.992545
  y: 0.00310023
  z: -0.121838
  w: 0.000400228
[0m
[0m[ INFO] [1742947226.626409491]: Motion Execution time: 0.88066 s[0m
[0m[ INFO] [1742947226.626422879]: Mode: 12 Task: 1[0m
[0m[ INFO] [1742947226.626477802]: Sending pose: position: 
  x: 9.44211e-05
  y: 0.299901
  z: 0.500011
orientation: 
  x: 1
  y: -2.67941e-08
  z: -2.38597e-12
  w: 2.67901e-08
[0m
[0m[ INFO] [1742947227.930062050]: Pose Set to: position: 
  x: 0.00011737
  y: 0.299884
  z: 0.500027
orientation: 
  x: 1
  y: 4.8886e-05
  z: 4.10773e-05
  w: 4.03298e-05
[0m
[0m[ INFO] [1742947227.930073628]: Motion Execution time: 1.30359 s[0m
detected offset of last pick x: -0.00075y: 0.00055909theta: 0.1584
[0m[ INFO] [1742947227.930101313]: Task Execution Done![0m
[31mWARNING: disk usage in log directory [/home/mfi/.ros/log] is over 1GB.
It's recommended that you use the 'rosclean' command.[0m
[31m================================================================================REQUIRED process [yk_destroyer/gp4_lego_integrate_task_planning_chaitanya-1] has died!
process has finished cleanly
log file: /home/mfi/.ros/log/3a151ce4-09d2-11f0-8249-8fab00e19c92/yk_destroyer-gp4_lego_integrate_task_planning_chaitanya-1*.log
Initiating shutdown!
================================================================================[0m
... logging to /home/mfi/.ros/log/3a151ce4-09d2-11f0-8249-8fab00e19c92/roslaunch-mfi-twin-4172000.log
Checking log directory for disk usage. This may take a while.
Press Ctrl-C to interrupt
]2;/home/mfi/repos/ros1_ws/src/ruixuan/gp4-lego-assembly/launch/task_planning_chaitanya_node.launch
[1mstarted roslaunch server http://192.168.1.2:41561/[0m

SUMMARY
========

PARAMETERS
 * /rosdistro: noetic
 * /rosversion: 1.16.0
 * /yk_destroyer/gp4_lego_integrate_task_planning_chaitanya/config_fname: /home/mfi/repos/r...
 * /yk_destroyer/gp4_lego_integrate_task_planning_chaitanya/root_pwd: /home/mfi/repos/r...
 * /yk_destroyer/gp4_lego_integrate_task_planning_chaitanya/x_home: 0
 * /yk_destroyer/gp4_lego_integrate_task_planning_chaitanya/y_home: 0.3

NODES
  /yk_destroyer/
    gp4_lego_integrate_task_planning_chaitanya (gp4_lego/gp4_lego_integrate_task_planning_chaitanya)

[1mROS_MASTER_URI=http://192.168.1.2:11311[0m
]2;/home/mfi/repos/ros1_ws/src/ruixuan/gp4-lego-assembly/launch/task_planning_chaitanya_node.launch http://192.168.1.2:11311
[1mprocess[yk_destroyer/gp4_lego_integrate_task_planning_chaitanya-1]: started with pid [4172122][0m
[yk_destroyer/gp4_lego_integrate_task_planning_chaitanya-1] killing on exit
shutting down processing monitor...
... shutting down processing monitor complete
[1mdone[0m
